<?xml version="1.0" encoding="UTF-8"?>
<!-- Generated by org.testng.reporters.JUnitReportReporter -->
<testsuite hostname="NisthaSahey" failures="0" tests="3" name="testScripts.RegisterListnersTest" time="4.171" errors="0" timestamp="2023-10-26T12:41:14 IST" skipped="0">
  <testcase classname="testScripts.RegisterListnersTest" name="RegisterTest" time="1.309"/>
  <system-out/>
  <testcase classname="testScripts.RegisterListnersTest" name="RegisterTest" time="1.430"/>
  <system-out/>
  <testcase classname="testScripts.RegisterListnersTest" name="RegisterTest" time="1.432"/>
  <system-out/>
</testsuite> <!-- testScripts.RegisterListnersTest -->
