<?xml version="1.0" encoding="UTF-8"?>
<!-- Generated by org.testng.reporters.JUnitReportReporter -->
<testsuite hostname="NisthaSahey" failures="0" tests="1" name="testScripts.FirstTest" time="5.094" errors="0" timestamp="2023-10-26T15:20:19 IST" skipped="0">
  <testcase classname="testScripts.FirstTest" name="test" time="5.094"/>
  <system-out/>
</testsuite> <!-- testScripts.FirstTest -->
