<?xml version="1.0" encoding="UTF-8"?>
<!-- Generated by org.testng.reporters.JUnitReportReporter -->
<testsuite hostname="NisthaSahey" failures="0" tests="4" name="testScripts.AddtocartListnersTest" time="7.645" errors="0" timestamp="2023-10-26T14:52:50 IST" skipped="0">
  <testcase classname="testScripts.AddtocartListnersTest" name="addToCart" time="1.146"/>
  <system-out/>
  <testcase classname="testScripts.AddtocartListnersTest" name="addToCart" time="1.269"/>
  <system-out/>
  <testcase classname="testScripts.AddtocartListnersTest" name="restscript" time="3.458"/>
  <system-out/>
  <testcase classname="testScripts.AddtocartListnersTest" name="addToCart" time="1.772"/>
  <system-out/>
</testsuite> <!-- testScripts.AddtocartListnersTest -->
