<?xml version="1.0" encoding="UTF-8"?>
<!-- Generated by org.testng.reporters.JUnitReportReporter -->
<testsuite hostname="NisthaSahey" failures="0" tests="1" name="testScripts.LoginTestListners" time="0.000" errors="0" timestamp="2023-10-25T11:28:50 IST" skipped="1">
  <testcase classname="testScripts.LoginTestListners" name="loginTest" time="0.000">
    <skipped/>
  </testcase> <!-- loginTest -->
  <system-out/>
</testsuite> <!-- testScripts.LoginTestListners -->
