<?xml version="1.0" encoding="UTF-8"?>
<!-- Generated by org.testng.reporters.JUnitReportReporter -->
<testsuite hostname="NisthaSahey" failures="0" tests="1" name="testScripts.selectTest" time="6.661" errors="0" timestamp="2023-10-28T11:10:22 IST" skipped="0">
  <testcase classname="testScripts.selectTest" name="selectMethods" time="6.661"/>
  <system-out/>
</testsuite> <!-- testScripts.selectTest -->
